<?xml version="1.0" encoding="UTF-8"?>
<testsuites name="TS01" time="32.032" tests="5" failures="0" errors="0">
   <testsuite name="TS01" tests="5" failures="0" errors="0" time="32.032" timestamp="2020-09-23 04:50:05" hostname="tund - F12" id="Test Suites/TS01">
      <properties>
         <property name="deviceName" value=""/>
         <property name="devicePlatform" value=""/>
         <property name="logFolder" value="/home/tund/Katalon Studio/BT2209/Reports/20200923_044958/TS01/20200923_044958"/>
         <property name="logFiles" value="/home/tund/Katalon Studio/BT2209/Reports/20200923_044958/TS01/20200923_044958/execution0.log"/>
         <property name="attachments" value=""/>
         <property name="hostName" value="tund - F12"/>
         <property name="os" value="Linux 64bit"/>
         <property name="katalonVersion" value="7.7.0.205"/>
         <property name="browser" value="Chrome 85.0.4183.102"/>
         <property name="hostAddress" value="127.0.1.1"/>
         <property name="sessionId" value="50e3af73849be83d39bd3ea5eda08cad"/>
         <property name="seleniumVersion" value="3.141.59"/>
         <property name="proxyInformation" value="ProxyInformation { proxyOption=NO_PROXY, proxyServerType=HTTP, username=, password=********, proxyServerAddress=, proxyServerPort=0, executionList=&quot;&quot;, isApplyToDesiredCapabilities=true }"/>
         <property name="platform" value="Linux"/>
      </properties>
      <testcase name="Test Cases/TC02_LoginSucc" time="6.158" classname="Test Cases/TC02_LoginSucc" status="PASSED">
         <system-out><![CDATA[2020-09-23 04:50:06 - [TEST_CASE][PASSED] - Test Cases/TC02_LoginSucc: Test Cases/TC02_LoginSucc

2020-09-23 04:50:06 - [TEST_STEP][PASSED] - openBrowser(""): Browser is opened with url: ''

2020-09-23 04:50:06 - [MESSAGE][INFO] - Starting 'Chrome' driver

2020-09-23 04:50:06 - [MESSAGE][INFO] - Action delay is set to 0 milliseconds

2020-09-23 04:50:08 - [MESSAGE][PASSED] - Browser is opened with url: ''

2020-09-23 04:50:08 - [TEST_STEP][PASSED] - navigateToUrl("https://online.hcmue.edu.vn/online/"): Navigate to 'https://online.hcmue.edu.vn/online/' successfully

2020-09-23 04:50:08 - [MESSAGE][PASSED] - Navigate to 'https://online.hcmue.edu.vn/online/' successfully

2020-09-23 04:50:08 - [TEST_STEP][PASSED] - click(findTestObject("Object Repository/Page_UP Portal  HoChiMinh University of Pedagogy/a_ng nhp")): Object: 'Object Repository/Page_UP Portal  HoChiMinh University of Pedagogy/a_ng nhp' is clicked on

2020-09-23 04:50:09 - [MESSAGE][PASSED] - Object: 'Object Repository/Page_UP Portal  HoChiMinh University of Pedagogy/a_ng nhp' is clicked on

2020-09-23 04:50:09 - [TEST_STEP][PASSED] - setText(findTestObject("Object Repository/Page_UP Portal  HoChiMinh University of Pedagogy/input_Tn ng nhp_ctl00ContentPlaceHolder1ctl_537cb7"), "43.01.104.196"): Text '43.01.104.196' is set on object 'Object Repository/Page_UP Portal  HoChiMinh University of Pedagogy/input_Tn ng nhp_ctl00ContentPlaceHolder1ctl_537cb7'

2020-09-23 04:50:10 - [MESSAGE][PASSED] - Text '43.01.104.196' is set on object 'Object Repository/Page_UP Portal  HoChiMinh University of Pedagogy/input_Tn ng nhp_ctl00ContentPlaceHolder1ctl_537cb7'

2020-09-23 04:50:10 - [TEST_STEP][PASSED] - setEncryptedText(findTestObject("Object Repository/Page_UP Portal  HoChiMinh University of Pedagogy/input_Mt m_ctl00ContentPlaceHolder1ctl00ctl_4544f5"), "MVyg4iz2AWvX5eqkRTLXhA=="): Text ****** has been set on object 'Object Repository/Page_UP Portal  HoChiMinh University of Pedagogy/input_Mt m_ctl00ContentPlaceHolder1ctl00ctl_4544f5'

2020-09-23 04:50:11 - [MESSAGE][PASSED] - Text ****** has been set on object 'Object Repository/Page_UP Portal  HoChiMinh University of Pedagogy/input_Mt m_ctl00ContentPlaceHolder1ctl00ctl_4544f5'

2020-09-23 04:50:11 - [TEST_STEP][PASSED] - click(findTestObject("Object Repository/Page_UP Portal  HoChiMinh University of Pedagogy/input_S lng truy cp _ctl00ContentPlaceHolde_c71575")): Object: 'Object Repository/Page_UP Portal  HoChiMinh University of Pedagogy/input_S lng truy cp _ctl00ContentPlaceHolde_c71575' is clicked on

2020-09-23 04:50:11 - [MESSAGE][PASSED] - Object: 'Object Repository/Page_UP Portal  HoChiMinh University of Pedagogy/input_S lng truy cp _ctl00ContentPlaceHolde_c71575' is clicked on

2020-09-23 04:50:11 - [TEST_STEP][PASSED] - verifyElementPresent(findTestObject("Object Repository/Page_UP Portal  HoChiMinh University of Pedagogy/td_THNG BAO SINH VIN"), 0): Object 'Object Repository/Page_UP Portal  HoChiMinh University of Pedagogy/td_THNG BAO SINH VIN' is present

2020-09-23 04:50:11 - [MESSAGE][WARNING] - Timeout '0' is invalid. Using default page load timeout: '30'

2020-09-23 04:50:12 - [MESSAGE][PASSED] - Object 'Object Repository/Page_UP Portal  HoChiMinh University of Pedagogy/td_THNG BAO SINH VIN' is present

2020-09-23 04:50:12 - [TEST_STEP][PASSED] - closeBrowser(): Browser is closed

2020-09-23 04:50:12 - [MESSAGE][PASSED] - Browser is closed]]></system-out>
         <system-err><![CDATA[]]></system-err>
      </testcase>
      <testcase name="Test Cases/TC04_XemTKB" time="9.388" classname="Test Cases/TC04_XemTKB" status="PASSED">
         <system-out><![CDATA[2020-09-23 04:50:12 - [TEST_CASE][PASSED] - Test Cases/TC04_XemTKB: Test Cases/TC04_XemTKB

2020-09-23 04:50:12 - [TEST_STEP][PASSED] - openBrowser(""): Browser is opened with url: ''

2020-09-23 04:50:12 - [MESSAGE][INFO] - Starting 'Chrome' driver

2020-09-23 04:50:12 - [MESSAGE][INFO] - Action delay is set to 0 milliseconds

2020-09-23 04:50:13 - [MESSAGE][PASSED] - Browser is opened with url: ''

2020-09-23 04:50:13 - [TEST_STEP][PASSED] - navigateToUrl("https://online.hcmue.edu.vn/online/"): Navigate to 'https://online.hcmue.edu.vn/online/' successfully

2020-09-23 04:50:14 - [MESSAGE][PASSED] - Navigate to 'https://online.hcmue.edu.vn/online/' successfully

2020-09-23 04:50:14 - [TEST_STEP][PASSED] - click(findTestObject("Object Repository/Page_UP Portal  HoChiMinh University of Pedagogy/a_ng nhp")): Object: 'Object Repository/Page_UP Portal  HoChiMinh University of Pedagogy/a_ng nhp' is clicked on

2020-09-23 04:50:14 - [MESSAGE][PASSED] - Object: 'Object Repository/Page_UP Portal  HoChiMinh University of Pedagogy/a_ng nhp' is clicked on

2020-09-23 04:50:14 - [TEST_STEP][PASSED] - setText(findTestObject("Object Repository/Page_UP Portal  HoChiMinh University of Pedagogy/input_Tn ng nhp_ctl00ContentPlaceHolder1ctl_537cb7"), "43.01.104.196"): Text '43.01.104.196' is set on object 'Object Repository/Page_UP Portal  HoChiMinh University of Pedagogy/input_Tn ng nhp_ctl00ContentPlaceHolder1ctl_537cb7'

2020-09-23 04:50:15 - [MESSAGE][PASSED] - Text '43.01.104.196' is set on object 'Object Repository/Page_UP Portal  HoChiMinh University of Pedagogy/input_Tn ng nhp_ctl00ContentPlaceHolder1ctl_537cb7'

2020-09-23 04:50:15 - [TEST_STEP][PASSED] - setEncryptedText(findTestObject("Object Repository/Page_UP Portal  HoChiMinh University of Pedagogy/input_Mt m_ctl00ContentPlaceHolder1ctl00ctl_4544f5"), "MVyg4iz2AWvX5eqkRTLXhA=="): Text ****** has been set on object 'Object Repository/Page_UP Portal  HoChiMinh University of Pedagogy/input_Mt m_ctl00ContentPlaceHolder1ctl00ctl_4544f5'

2020-09-23 04:50:15 - [MESSAGE][PASSED] - Text ****** has been set on object 'Object Repository/Page_UP Portal  HoChiMinh University of Pedagogy/input_Mt m_ctl00ContentPlaceHolder1ctl00ctl_4544f5'

2020-09-23 04:50:15 - [TEST_STEP][PASSED] - click(findTestObject("Object Repository/Page_UP Portal  HoChiMinh University of Pedagogy/input_S lng truy cp _ctl00ContentPlaceHolde_c71575")): Object: 'Object Repository/Page_UP Portal  HoChiMinh University of Pedagogy/input_S lng truy cp _ctl00ContentPlaceHolde_c71575' is clicked on

2020-09-23 04:50:16 - [MESSAGE][PASSED] - Object: 'Object Repository/Page_UP Portal  HoChiMinh University of Pedagogy/input_S lng truy cp _ctl00ContentPlaceHolde_c71575' is clicked on

2020-09-23 04:50:16 - [TEST_STEP][PASSED] - click(findTestObject("Object Repository/Page_UP Portal  HoChiMinh University of Pedagogy/a_Thi kha biu - Lch thi")): Object: 'Object Repository/Page_UP Portal  HoChiMinh University of Pedagogy/a_Thi kha biu - Lch thi' is clicked on

2020-09-23 04:50:17 - [MESSAGE][PASSED] - Object: 'Object Repository/Page_UP Portal  HoChiMinh University of Pedagogy/a_Thi kha biu - Lch thi' is clicked on

2020-09-23 04:50:17 - [TEST_STEP][PASSED] - verifyElementPresent(findTestObject("Page_UP Portal  HoChiMinh University of Pedagogy/a_Thi kha biu - Lch thi"), 0): Object 'Object Repository/Page_UP Portal  HoChiMinh University of Pedagogy/a_Thi kha biu - Lch thi' is present

2020-09-23 04:50:17 - [MESSAGE][WARNING] - Timeout '0' is invalid. Using default page load timeout: '30'

2020-09-23 04:50:21 - [MESSAGE][PASSED] - Object 'Object Repository/Page_UP Portal  HoChiMinh University of Pedagogy/a_Thi kha biu - Lch thi' is present

2020-09-23 04:50:21 - [TEST_STEP][PASSED] - closeBrowser(): Browser is closed

2020-09-23 04:50:21 - [MESSAGE][PASSED] - Browser is closed]]></system-out>
         <system-err><![CDATA[]]></system-err>
      </testcase>
      <testcase name="Test Cases/TC03_XemDiem" time="5.409" classname="Test Cases/TC03_XemDiem" status="PASSED">
         <system-out><![CDATA[2020-09-23 04:50:21 - [TEST_CASE][PASSED] - Test Cases/TC03_XemDiem: Test Cases/TC03_XemDiem

2020-09-23 04:50:21 - [TEST_STEP][PASSED] - openBrowser(""): Browser is opened with url: ''

2020-09-23 04:50:21 - [MESSAGE][INFO] - Starting 'Chrome' driver

2020-09-23 04:50:21 - [MESSAGE][INFO] - Action delay is set to 0 milliseconds

2020-09-23 04:50:22 - [MESSAGE][PASSED] - Browser is opened with url: ''

2020-09-23 04:50:22 - [TEST_STEP][PASSED] - navigateToUrl("https://online.hcmue.edu.vn/online/"): Navigate to 'https://online.hcmue.edu.vn/online/' successfully

2020-09-23 04:50:23 - [MESSAGE][PASSED] - Navigate to 'https://online.hcmue.edu.vn/online/' successfully

2020-09-23 04:50:23 - [TEST_STEP][PASSED] - click(findTestObject("Object Repository/Page_UP Portal  HoChiMinh University of Pedagogy/a_ng nhp")): Object: 'Object Repository/Page_UP Portal  HoChiMinh University of Pedagogy/a_ng nhp' is clicked on

2020-09-23 04:50:23 - [MESSAGE][PASSED] - Object: 'Object Repository/Page_UP Portal  HoChiMinh University of Pedagogy/a_ng nhp' is clicked on

2020-09-23 04:50:23 - [TEST_STEP][PASSED] - setText(findTestObject("Object Repository/Page_UP Portal  HoChiMinh University of Pedagogy/input_Tn ng nhp_ctl00ContentPlaceHolder1ctl_537cb7"), "43.01.104.196"): Text '43.01.104.196' is set on object 'Object Repository/Page_UP Portal  HoChiMinh University of Pedagogy/input_Tn ng nhp_ctl00ContentPlaceHolder1ctl_537cb7'

2020-09-23 04:50:24 - [MESSAGE][PASSED] - Text '43.01.104.196' is set on object 'Object Repository/Page_UP Portal  HoChiMinh University of Pedagogy/input_Tn ng nhp_ctl00ContentPlaceHolder1ctl_537cb7'

2020-09-23 04:50:24 - [TEST_STEP][PASSED] - setEncryptedText(findTestObject("Object Repository/Page_UP Portal  HoChiMinh University of Pedagogy/input_Mt m_ctl00ContentPlaceHolder1ctl00ctl_4544f5"), "MVyg4iz2AWvX5eqkRTLXhA=="): Text ****** has been set on object 'Object Repository/Page_UP Portal  HoChiMinh University of Pedagogy/input_Mt m_ctl00ContentPlaceHolder1ctl00ctl_4544f5'

2020-09-23 04:50:24 - [MESSAGE][PASSED] - Text ****** has been set on object 'Object Repository/Page_UP Portal  HoChiMinh University of Pedagogy/input_Mt m_ctl00ContentPlaceHolder1ctl00ctl_4544f5'

2020-09-23 04:50:24 - [TEST_STEP][PASSED] - click(findTestObject("Object Repository/Page_UP Portal  HoChiMinh University of Pedagogy/input_S lng truy cp _ctl00ContentPlaceHolde_c71575")): Object: 'Object Repository/Page_UP Portal  HoChiMinh University of Pedagogy/input_S lng truy cp _ctl00ContentPlaceHolde_c71575' is clicked on

2020-09-23 04:50:25 - [MESSAGE][PASSED] - Object: 'Object Repository/Page_UP Portal  HoChiMinh University of Pedagogy/input_S lng truy cp _ctl00ContentPlaceHolde_c71575' is clicked on

2020-09-23 04:50:25 - [TEST_STEP][PASSED] - click(findTestObject("Object Repository/Page_UP Portal  HoChiMinh University of Pedagogy/a_Xem im")): Object: 'Object Repository/Page_UP Portal  HoChiMinh University of Pedagogy/a_Xem im' is clicked on

2020-09-23 04:50:26 - [MESSAGE][PASSED] - Object: 'Object Repository/Page_UP Portal  HoChiMinh University of Pedagogy/a_Xem im' is clicked on

2020-09-23 04:50:26 - [TEST_STEP][PASSED] - verifyElementPresent(findTestObject("Object Repository/Page_UP Portal  HoChiMinh University of Pedagogy/td_XEM IM"), 0): Object 'Object Repository/Page_UP Portal  HoChiMinh University of Pedagogy/td_XEM IM' is present

2020-09-23 04:50:26 - [MESSAGE][WARNING] - Timeout '0' is invalid. Using default page load timeout: '30'

2020-09-23 04:50:26 - [MESSAGE][PASSED] - Object 'Object Repository/Page_UP Portal  HoChiMinh University of Pedagogy/td_XEM IM' is present

2020-09-23 04:50:26 - [TEST_STEP][PASSED] - closeBrowser(): Browser is closed

2020-09-23 04:50:27 - [MESSAGE][PASSED] - Browser is closed]]></system-out>
         <system-err><![CDATA[]]></system-err>
      </testcase>
      <testcase name="Test Cases/TC01_LoginFail" time="4.607" classname="Test Cases/TC01_LoginFail" status="PASSED">
         <system-out><![CDATA[2020-09-23 04:50:27 - [TEST_CASE][PASSED] - Test Cases/TC01_LoginFail: Test Cases/TC01_LoginFail

2020-09-23 04:50:27 - [TEST_STEP][PASSED] - openBrowser(""): Browser is opened with url: ''

2020-09-23 04:50:27 - [MESSAGE][INFO] - Starting 'Chrome' driver

2020-09-23 04:50:27 - [MESSAGE][INFO] - Action delay is set to 0 milliseconds

2020-09-23 04:50:27 - [MESSAGE][PASSED] - Browser is opened with url: ''

2020-09-23 04:50:27 - [TEST_STEP][PASSED] - navigateToUrl("https://online.hcmue.edu.vn/online/"): Navigate to 'https://online.hcmue.edu.vn/online/' successfully

2020-09-23 04:50:28 - [MESSAGE][PASSED] - Navigate to 'https://online.hcmue.edu.vn/online/' successfully

2020-09-23 04:50:28 - [TEST_STEP][PASSED] - click(findTestObject("Object Repository/Page_UP Portal  HoChiMinh University of Pedagogy/a_ng nhp")): Object: 'Object Repository/Page_UP Portal  HoChiMinh University of Pedagogy/a_ng nhp' is clicked on

2020-09-23 04:50:29 - [MESSAGE][PASSED] - Object: 'Object Repository/Page_UP Portal  HoChiMinh University of Pedagogy/a_ng nhp' is clicked on

2020-09-23 04:50:29 - [TEST_STEP][PASSED] - setText(findTestObject("Object Repository/Page_UP Portal  HoChiMinh University of Pedagogy/input_Tn ng nhp_ctl00ContentPlaceHolder1ctl_537cb7"), "43.01.104.196"): Text '43.01.104.196' is set on object 'Object Repository/Page_UP Portal  HoChiMinh University of Pedagogy/input_Tn ng nhp_ctl00ContentPlaceHolder1ctl_537cb7'

2020-09-23 04:50:30 - [MESSAGE][PASSED] - Text '43.01.104.196' is set on object 'Object Repository/Page_UP Portal  HoChiMinh University of Pedagogy/input_Tn ng nhp_ctl00ContentPlaceHolder1ctl_537cb7'

2020-09-23 04:50:30 - [TEST_STEP][PASSED] - setEncryptedText(findTestObject("Object Repository/Page_UP Portal  HoChiMinh University of Pedagogy/input_Mt m_ctl00ContentPlaceHolder1ctl00ctl_4544f5"), "tzH6RvlfSTg="): Text ****** has been set on object 'Object Repository/Page_UP Portal  HoChiMinh University of Pedagogy/input_Mt m_ctl00ContentPlaceHolder1ctl00ctl_4544f5'

2020-09-23 04:50:30 - [MESSAGE][PASSED] - Text ****** has been set on object 'Object Repository/Page_UP Portal  HoChiMinh University of Pedagogy/input_Mt m_ctl00ContentPlaceHolder1ctl00ctl_4544f5'

2020-09-23 04:50:30 - [TEST_STEP][PASSED] - click(findTestObject("Object Repository/Page_UP Portal  HoChiMinh University of Pedagogy/input_S lng truy cp _ctl00ContentPlaceHolde_c71575")): Object: 'Object Repository/Page_UP Portal  HoChiMinh University of Pedagogy/input_S lng truy cp _ctl00ContentPlaceHolde_c71575' is clicked on

2020-09-23 04:50:31 - [MESSAGE][PASSED] - Object: 'Object Repository/Page_UP Portal  HoChiMinh University of Pedagogy/input_S lng truy cp _ctl00ContentPlaceHolde_c71575' is clicked on

2020-09-23 04:50:31 - [TEST_STEP][PASSED] - verifyElementPresent(findTestObject("Object Repository/Page_UP Portal  HoChiMinh University of Pedagogy/td_Mt m truy cp khng chnh xc"), 0): Object 'Object Repository/Page_UP Portal  HoChiMinh University of Pedagogy/td_Mt m truy cp khng chnh xc' is present

2020-09-23 04:50:31 - [MESSAGE][WARNING] - Timeout '0' is invalid. Using default page load timeout: '30'

2020-09-23 04:50:31 - [MESSAGE][PASSED] - Object 'Object Repository/Page_UP Portal  HoChiMinh University of Pedagogy/td_Mt m truy cp khng chnh xc' is present

2020-09-23 04:50:31 - [TEST_STEP][PASSED] - closeBrowser(): Browser is closed

2020-09-23 04:50:31 - [MESSAGE][PASSED] - Browser is closed]]></system-out>
         <system-err><![CDATA[]]></system-err>
      </testcase>
      <testcase name="Test Cases/TC05_XemTinNhan" time="5.881" classname="Test Cases/TC05_XemTinNhan" status="PASSED">
         <system-out><![CDATA[2020-09-23 04:50:31 - [TEST_CASE][PASSED] - Test Cases/TC05_XemTinNhan: Test Cases/TC05_XemTinNhan

2020-09-23 04:50:31 - [TEST_STEP][PASSED] - openBrowser(""): Browser is opened with url: ''

2020-09-23 04:50:31 - [MESSAGE][INFO] - Starting 'Chrome' driver

2020-09-23 04:50:31 - [MESSAGE][INFO] - Action delay is set to 0 milliseconds

2020-09-23 04:50:32 - [MESSAGE][PASSED] - Browser is opened with url: ''

2020-09-23 04:50:32 - [TEST_STEP][PASSED] - navigateToUrl("https://online.hcmue.edu.vn/online/"): Navigate to 'https://online.hcmue.edu.vn/online/' successfully

2020-09-23 04:50:33 - [MESSAGE][PASSED] - Navigate to 'https://online.hcmue.edu.vn/online/' successfully

2020-09-23 04:50:33 - [TEST_STEP][PASSED] - click(findTestObject("Object Repository/Page_UP Portal  HoChiMinh University of Pedagogy/Page_UP Portal  HoChiMinh University of Pedagogy/a_ng nhp")): Object: 'Object Repository/Page_UP Portal  HoChiMinh University of Pedagogy/Page_UP Portal  HoChiMinh University of Pedagogy/a_ng nhp' is clicked on

2020-09-23 04:50:33 - [MESSAGE][PASSED] - Object: 'Object Repository/Page_UP Portal  HoChiMinh University of Pedagogy/Page_UP Portal  HoChiMinh University of Pedagogy/a_ng nhp' is clicked on

2020-09-23 04:50:33 - [TEST_STEP][PASSED] - setText(findTestObject("Object Repository/Page_UP Portal  HoChiMinh University of Pedagogy/Page_UP Portal  HoChiMinh University of Pedagogy/input_Tn ng nhp_ctl00ContentPlaceHolder1ctl_537cb7"), "43.01.104.196"): Text '43.01.104.196' is set on object 'Object Repository/Page_UP Portal  HoChiMinh University of Pedagogy/Page_UP Portal  HoChiMinh University of Pedagogy/input_Tn ng nhp_ctl00ContentPlaceHolder1ctl_537cb7'

2020-09-23 04:50:35 - [MESSAGE][PASSED] - Text '43.01.104.196' is set on object 'Object Repository/Page_UP Portal  HoChiMinh University of Pedagogy/Page_UP Portal  HoChiMinh University of Pedagogy/input_Tn ng nhp_ctl00ContentPlaceHolder1ctl_537cb7'

2020-09-23 04:50:35 - [TEST_STEP][PASSED] - setEncryptedText(findTestObject("Object Repository/Page_UP Portal  HoChiMinh University of Pedagogy/Page_UP Portal  HoChiMinh University of Pedagogy/input_Mt m_ctl00ContentPlaceHolder1ctl00ctl_4544f5"), "MVyg4iz2AWvX5eqkRTLXhA=="): Text ****** has been set on object 'Object Repository/Page_UP Portal  HoChiMinh University of Pedagogy/Page_UP Portal  HoChiMinh University of Pedagogy/input_Mt m_ctl00ContentPlaceHolder1ctl00ctl_4544f5'

2020-09-23 04:50:35 - [MESSAGE][PASSED] - Text ****** has been set on object 'Object Repository/Page_UP Portal  HoChiMinh University of Pedagogy/Page_UP Portal  HoChiMinh University of Pedagogy/input_Mt m_ctl00ContentPlaceHolder1ctl00ctl_4544f5'

2020-09-23 04:50:35 - [TEST_STEP][PASSED] - click(findTestObject("Object Repository/Page_UP Portal  HoChiMinh University of Pedagogy/Page_UP Portal  HoChiMinh University of Pedagogy/input_S lng truy cp _ctl00ContentPlaceHolde_c71575")): Object: 'Object Repository/Page_UP Portal  HoChiMinh University of Pedagogy/Page_UP Portal  HoChiMinh University of Pedagogy/input_S lng truy cp _ctl00ContentPlaceHolde_c71575' is clicked on

2020-09-23 04:50:36 - [MESSAGE][PASSED] - Object: 'Object Repository/Page_UP Portal  HoChiMinh University of Pedagogy/Page_UP Portal  HoChiMinh University of Pedagogy/input_S lng truy cp _ctl00ContentPlaceHolde_c71575' is clicked on

2020-09-23 04:50:36 - [TEST_STEP][PASSED] - click(findTestObject("Object Repository/Page_UP Portal  HoChiMinh University of Pedagogy/Page_UP Portal  HoChiMinh University of Pedagogy/a_Xem tin nhn")): Object: 'Object Repository/Page_UP Portal  HoChiMinh University of Pedagogy/Page_UP Portal  HoChiMinh University of Pedagogy/a_Xem tin nhn' is clicked on

2020-09-23 04:50:36 - [MESSAGE][PASSED] - Object: 'Object Repository/Page_UP Portal  HoChiMinh University of Pedagogy/Page_UP Portal  HoChiMinh University of Pedagogy/a_Xem tin nhn' is clicked on

2020-09-23 04:50:36 - [TEST_STEP][PASSED] - verifyElementPresent(findTestObject("Object Repository/Page_UP Portal  HoChiMinh University of Pedagogy/Page_UP Portal  HoChiMinh University of Pedagogy/a_N hc ph"), 0): Object 'Object Repository/Page_UP Portal  HoChiMinh University of Pedagogy/Page_UP Portal  HoChiMinh University of Pedagogy/a_N hc ph' is present

2020-09-23 04:50:36 - [MESSAGE][WARNING] - Timeout '0' is invalid. Using default page load timeout: '30'

2020-09-23 04:50:37 - [MESSAGE][PASSED] - Object 'Object Repository/Page_UP Portal  HoChiMinh University of Pedagogy/Page_UP Portal  HoChiMinh University of Pedagogy/a_N hc ph' is present

2020-09-23 04:50:37 - [TEST_STEP][PASSED] - closeBrowser(): Browser is closed

2020-09-23 04:50:37 - [MESSAGE][PASSED] - Browser is closed]]></system-out>
         <system-err><![CDATA[]]></system-err>
      </testcase>
      <system-out><![CDATA[2020-09-23 04:50:05 - [TEST_SUITE][PASSED] - TS01: Test Cases/TC05_XemTinNhan]]></system-out>
      <system-err><![CDATA[]]></system-err>
   </testsuite>
</testsuites>
