<?xml version="1.0" encoding="UTF-8"?>
<testsuites name="TS02" time="13.197" tests="2" failures="0" errors="0">
   <testsuite name="TS02" tests="2" failures="0" errors="0" time="13.197" timestamp="2020-09-23 04:51:40" hostname="tund - F12" id="Test Suites/TS02">
      <properties>
         <property name="deviceName" value=""/>
         <property name="devicePlatform" value=""/>
         <property name="logFolder" value="/home/tund/Katalon Studio/BT2209/Reports/20200923_045133/TS02/20200923_045133"/>
         <property name="logFiles" value="/home/tund/Katalon Studio/BT2209/Reports/20200923_045133/TS02/20200923_045133/execution0.log"/>
         <property name="attachments" value=""/>
         <property name="hostName" value="tund - F12"/>
         <property name="os" value="Linux 64bit"/>
         <property name="katalonVersion" value="7.7.0.205"/>
         <property name="browser" value="Chrome 85.0.4183.102"/>
         <property name="hostAddress" value="127.0.1.1"/>
         <property name="sessionId" value="4310f54a28265424323e1ed587af3699"/>
         <property name="seleniumVersion" value="3.141.59"/>
         <property name="proxyInformation" value="ProxyInformation { proxyOption=NO_PROXY, proxyServerType=HTTP, username=, password=********, proxyServerAddress=, proxyServerPort=0, executionList=&quot;&quot;, isApplyToDesiredCapabilities=true }"/>
         <property name="platform" value="Linux"/>
      </properties>
      <testcase name="Test Cases/TC01_LoginFail" time="6.863" classname="Test Cases/TC01_LoginFail" status="PASSED">
         <system-out><![CDATA[2020-09-23 04:51:40 - [TEST_CASE][PASSED] - Test Cases/TC01_LoginFail: Test Cases/TC01_LoginFail

2020-09-23 04:51:41 - [TEST_STEP][PASSED] - openBrowser(""): Browser is opened with url: ''

2020-09-23 04:51:41 - [MESSAGE][INFO] - Starting 'Chrome' driver

2020-09-23 04:51:41 - [MESSAGE][INFO] - Action delay is set to 0 milliseconds

2020-09-23 04:51:43 - [MESSAGE][PASSED] - Browser is opened with url: ''

2020-09-23 04:51:43 - [TEST_STEP][PASSED] - navigateToUrl("https://online.hcmue.edu.vn/online/"): Navigate to 'https://online.hcmue.edu.vn/online/' successfully

2020-09-23 04:51:44 - [MESSAGE][PASSED] - Navigate to 'https://online.hcmue.edu.vn/online/' successfully

2020-09-23 04:51:44 - [TEST_STEP][PASSED] - click(findTestObject("Object Repository/Page_UP Portal  HoChiMinh University of Pedagogy/a_ng nhp")): Object: 'Object Repository/Page_UP Portal  HoChiMinh University of Pedagogy/a_ng nhp' is clicked on

2020-09-23 04:51:45 - [MESSAGE][PASSED] - Object: 'Object Repository/Page_UP Portal  HoChiMinh University of Pedagogy/a_ng nhp' is clicked on

2020-09-23 04:51:45 - [TEST_STEP][PASSED] - setText(findTestObject("Object Repository/Page_UP Portal  HoChiMinh University of Pedagogy/input_Tn ng nhp_ctl00ContentPlaceHolder1ctl_537cb7"), "43.01.104.196"): Text '43.01.104.196' is set on object 'Object Repository/Page_UP Portal  HoChiMinh University of Pedagogy/input_Tn ng nhp_ctl00ContentPlaceHolder1ctl_537cb7'

2020-09-23 04:51:46 - [MESSAGE][PASSED] - Text '43.01.104.196' is set on object 'Object Repository/Page_UP Portal  HoChiMinh University of Pedagogy/input_Tn ng nhp_ctl00ContentPlaceHolder1ctl_537cb7'

2020-09-23 04:51:46 - [TEST_STEP][PASSED] - setEncryptedText(findTestObject("Object Repository/Page_UP Portal  HoChiMinh University of Pedagogy/input_Mt m_ctl00ContentPlaceHolder1ctl00ctl_4544f5"), "tzH6RvlfSTg="): Text ****** has been set on object 'Object Repository/Page_UP Portal  HoChiMinh University of Pedagogy/input_Mt m_ctl00ContentPlaceHolder1ctl00ctl_4544f5'

2020-09-23 04:51:46 - [MESSAGE][PASSED] - Text ****** has been set on object 'Object Repository/Page_UP Portal  HoChiMinh University of Pedagogy/input_Mt m_ctl00ContentPlaceHolder1ctl00ctl_4544f5'

2020-09-23 04:51:46 - [TEST_STEP][PASSED] - click(findTestObject("Object Repository/Page_UP Portal  HoChiMinh University of Pedagogy/input_S lng truy cp _ctl00ContentPlaceHolde_c71575")): Object: 'Object Repository/Page_UP Portal  HoChiMinh University of Pedagogy/input_S lng truy cp _ctl00ContentPlaceHolde_c71575' is clicked on

2020-09-23 04:51:47 - [MESSAGE][PASSED] - Object: 'Object Repository/Page_UP Portal  HoChiMinh University of Pedagogy/input_S lng truy cp _ctl00ContentPlaceHolde_c71575' is clicked on

2020-09-23 04:51:47 - [TEST_STEP][PASSED] - verifyElementPresent(findTestObject("Object Repository/Page_UP Portal  HoChiMinh University of Pedagogy/td_Mt m truy cp khng chnh xc"), 0): Object 'Object Repository/Page_UP Portal  HoChiMinh University of Pedagogy/td_Mt m truy cp khng chnh xc' is present

2020-09-23 04:51:47 - [MESSAGE][WARNING] - Timeout '0' is invalid. Using default page load timeout: '30'

2020-09-23 04:51:47 - [MESSAGE][PASSED] - Object 'Object Repository/Page_UP Portal  HoChiMinh University of Pedagogy/td_Mt m truy cp khng chnh xc' is present

2020-09-23 04:51:47 - [TEST_STEP][PASSED] - closeBrowser(): Browser is closed

2020-09-23 04:51:47 - [MESSAGE][PASSED] - Browser is closed]]></system-out>
         <system-err><![CDATA[]]></system-err>
      </testcase>
      <testcase name="Test Cases/TC05_XemTinNhan" time="5.783" classname="Test Cases/TC05_XemTinNhan" status="PASSED">
         <system-out><![CDATA[2020-09-23 04:51:47 - [TEST_CASE][PASSED] - Test Cases/TC05_XemTinNhan: Test Cases/TC05_XemTinNhan

2020-09-23 04:51:47 - [TEST_STEP][PASSED] - openBrowser(""): Browser is opened with url: ''

2020-09-23 04:51:47 - [MESSAGE][INFO] - Starting 'Chrome' driver

2020-09-23 04:51:47 - [MESSAGE][INFO] - Action delay is set to 0 milliseconds

2020-09-23 04:51:48 - [MESSAGE][PASSED] - Browser is opened with url: ''

2020-09-23 04:51:48 - [TEST_STEP][PASSED] - navigateToUrl("https://online.hcmue.edu.vn/online/"): Navigate to 'https://online.hcmue.edu.vn/online/' successfully

2020-09-23 04:51:49 - [MESSAGE][PASSED] - Navigate to 'https://online.hcmue.edu.vn/online/' successfully

2020-09-23 04:51:49 - [TEST_STEP][PASSED] - click(findTestObject("Object Repository/Page_UP Portal  HoChiMinh University of Pedagogy/Page_UP Portal  HoChiMinh University of Pedagogy/a_ng nhp")): Object: 'Object Repository/Page_UP Portal  HoChiMinh University of Pedagogy/Page_UP Portal  HoChiMinh University of Pedagogy/a_ng nhp' is clicked on

2020-09-23 04:51:49 - [MESSAGE][PASSED] - Object: 'Object Repository/Page_UP Portal  HoChiMinh University of Pedagogy/Page_UP Portal  HoChiMinh University of Pedagogy/a_ng nhp' is clicked on

2020-09-23 04:51:49 - [TEST_STEP][PASSED] - setText(findTestObject("Object Repository/Page_UP Portal  HoChiMinh University of Pedagogy/Page_UP Portal  HoChiMinh University of Pedagogy/input_Tn ng nhp_ctl00ContentPlaceHolder1ctl_537cb7"), "43.01.104.196"): Text '43.01.104.196' is set on object 'Object Repository/Page_UP Portal  HoChiMinh University of Pedagogy/Page_UP Portal  HoChiMinh University of Pedagogy/input_Tn ng nhp_ctl00ContentPlaceHolder1ctl_537cb7'

2020-09-23 04:51:50 - [MESSAGE][PASSED] - Text '43.01.104.196' is set on object 'Object Repository/Page_UP Portal  HoChiMinh University of Pedagogy/Page_UP Portal  HoChiMinh University of Pedagogy/input_Tn ng nhp_ctl00ContentPlaceHolder1ctl_537cb7'

2020-09-23 04:51:50 - [TEST_STEP][PASSED] - setEncryptedText(findTestObject("Object Repository/Page_UP Portal  HoChiMinh University of Pedagogy/Page_UP Portal  HoChiMinh University of Pedagogy/input_Mt m_ctl00ContentPlaceHolder1ctl00ctl_4544f5"), "MVyg4iz2AWvX5eqkRTLXhA=="): Text ****** has been set on object 'Object Repository/Page_UP Portal  HoChiMinh University of Pedagogy/Page_UP Portal  HoChiMinh University of Pedagogy/input_Mt m_ctl00ContentPlaceHolder1ctl00ctl_4544f5'

2020-09-23 04:51:51 - [MESSAGE][PASSED] - Text ****** has been set on object 'Object Repository/Page_UP Portal  HoChiMinh University of Pedagogy/Page_UP Portal  HoChiMinh University of Pedagogy/input_Mt m_ctl00ContentPlaceHolder1ctl00ctl_4544f5'

2020-09-23 04:51:51 - [TEST_STEP][PASSED] - click(findTestObject("Object Repository/Page_UP Portal  HoChiMinh University of Pedagogy/Page_UP Portal  HoChiMinh University of Pedagogy/input_S lng truy cp _ctl00ContentPlaceHolde_c71575")): Object: 'Object Repository/Page_UP Portal  HoChiMinh University of Pedagogy/Page_UP Portal  HoChiMinh University of Pedagogy/input_S lng truy cp _ctl00ContentPlaceHolde_c71575' is clicked on

2020-09-23 04:51:51 - [MESSAGE][PASSED] - Object: 'Object Repository/Page_UP Portal  HoChiMinh University of Pedagogy/Page_UP Portal  HoChiMinh University of Pedagogy/input_S lng truy cp _ctl00ContentPlaceHolde_c71575' is clicked on

2020-09-23 04:51:51 - [TEST_STEP][PASSED] - click(findTestObject("Object Repository/Page_UP Portal  HoChiMinh University of Pedagogy/Page_UP Portal  HoChiMinh University of Pedagogy/a_Xem tin nhn")): Object: 'Object Repository/Page_UP Portal  HoChiMinh University of Pedagogy/Page_UP Portal  HoChiMinh University of Pedagogy/a_Xem tin nhn' is clicked on

2020-09-23 04:51:52 - [MESSAGE][PASSED] - Object: 'Object Repository/Page_UP Portal  HoChiMinh University of Pedagogy/Page_UP Portal  HoChiMinh University of Pedagogy/a_Xem tin nhn' is clicked on

2020-09-23 04:51:52 - [TEST_STEP][PASSED] - verifyElementPresent(findTestObject("Object Repository/Page_UP Portal  HoChiMinh University of Pedagogy/Page_UP Portal  HoChiMinh University of Pedagogy/a_N hc ph"), 0): Object 'Object Repository/Page_UP Portal  HoChiMinh University of Pedagogy/Page_UP Portal  HoChiMinh University of Pedagogy/a_N hc ph' is present

2020-09-23 04:51:52 - [MESSAGE][WARNING] - Timeout '0' is invalid. Using default page load timeout: '30'

2020-09-23 04:51:53 - [MESSAGE][PASSED] - Object 'Object Repository/Page_UP Portal  HoChiMinh University of Pedagogy/Page_UP Portal  HoChiMinh University of Pedagogy/a_N hc ph' is present

2020-09-23 04:51:53 - [TEST_STEP][PASSED] - closeBrowser(): Browser is closed

2020-09-23 04:51:53 - [MESSAGE][PASSED] - Browser is closed]]></system-out>
         <system-err><![CDATA[]]></system-err>
      </testcase>
      <system-out><![CDATA[2020-09-23 04:51:40 - [TEST_SUITE][PASSED] - TS02: Test Cases/TC05_XemTinNhan]]></system-out>
      <system-err><![CDATA[]]></system-err>
   </testsuite>
</testsuites>
